<?xml version="1.0" encoding="UTF-8"?>
<!-- Generated by org.testng.reporters.JUnitReportReporter -->
<testsuite hostname="DESKTOP-MH9AQVT" failures="0" tests="2" name="script.InvalidLogin" time="16.243" errors="0" timestamp="2024-03-27T11:52:03 IST" skipped="0">
  <testcase classname="script.InvalidLogin" name="testInvalidLogin" time="7.514">
    <system-out>
      <![CDATA[ErrMsg is Displayed:Invalid username and/or password.]]>
    </system-out>
  </testcase> <!-- testInvalidLogin -->
  <testcase classname="script.InvalidLogin" name="testInvalidLogin" time="8.729">
    <system-out>
      <![CDATA[ErrMsg is Displayed:Invalid username and/or password.]]>
    </system-out>
  </testcase> <!-- testInvalidLogin -->
  <system-out>
    <![CDATA[Mkart | OSPOS | Login
Mkart | OSPOS | Login
Mkart | OSPOS | Login
Mkart | OSPOS | Login
HomePage is NOT Displayed
HomePage is NOT Displayed
ErrMsg is Displayed:Invalid username and/or password.
ErrMsg is Displayed:Invalid username and/or password.]]>
  </system-out>
</testsuite> <!-- script.InvalidLogin -->
