<?xml version="1.0" encoding="UTF-8"?>
<!-- Generated by org.testng.reporters.JUnitReportReporter -->
<testsuite hostname="DESKTOP-MH9AQVT" failures="0" tests="1" name="script.ValidLogin" time="12.149" errors="0" timestamp="2024-03-26T13:04:15 IST" skipped="0">
  <testcase classname="script.ValidLogin" name="testValidLogin" time="12.149">
    <system-out>
      <![CDATA[HomePage is Displayed]]>
    </system-out>
  </testcase> <!-- testValidLogin -->
  <system-out>
    <![CDATA[HomePage is Displayed]]>
  </system-out>
</testsuite> <!-- script.ValidLogin -->
